2023-03-03 04:40:07.554 INFO  (main) [   ] o.e.j.u.log Logging initialized @1085ms to org.eclipse.jetty.util.log.Slf4jLog
2023-03-03 04:40:07.743 INFO  (main) [   ] o.e.j.s.Server jetty-9.4.44.v20210927; built: 2021-09-27T23:02:44.612Z; git: 8da83308eeca865e495e53ef315a249d63ba9332; jvm 11.0.17+10-LTS-269
2023-03-03 04:40:07.753 INFO  (main) [   ] o.e.j.d.p.ScanningAppProvider Deployment monitor [file:///C:/solr-8.11.2/solr-8.11.2/server/contexts/] at interval 0
2023-03-03 04:40:09.000 INFO  (main) [   ] o.e.j.w.StandardDescriptorProcessor NO JSP Support for /solr, did not find org.apache.jasper.servlet.JspServlet
2023-03-03 04:40:09.008 INFO  (main) [   ] o.e.j.s.session DefaultSessionIdManager workerName=node0
2023-03-03 04:40:09.008 INFO  (main) [   ] o.e.j.s.session No SessionScavenger set, using defaults
2023-03-03 04:40:09.009 INFO  (main) [   ] o.e.j.s.session node0 Scavenging every 660000ms
2023-03-03 04:40:09.051 INFO  (main) [   ] o.a.s.s.SolrDispatchFilter Using logger factory org.apache.logging.slf4j.Log4jLoggerFactory
2023-03-03 04:40:09.055 INFO  (main) [   ] o.a.s.s.SolrDispatchFilter  ___      _       Welcome to Apache Solr™ version 8.11.2
2023-03-03 04:40:09.055 INFO  (main) [   ] o.a.s.s.SolrDispatchFilter / __| ___| |_ _   Starting in standalone mode on port 8983
2023-03-03 04:40:09.055 INFO  (main) [   ] o.a.s.s.SolrDispatchFilter \__ \/ _ \ | '_|  Install dir: C:\solr-8.11.2\solr-8.11.2
2023-03-03 04:40:09.055 INFO  (main) [   ] o.a.s.s.SolrDispatchFilter |___/\___/_|_|    Start time: 2023-03-03T04:40:09.055496800Z
2023-03-03 04:40:09.077 INFO  (main) [   ] o.a.s.c.SolrPaths Using system property solr.solr.home: C:\solr-8.11.2\solr-8.11.2\server\solr
2023-03-03 04:40:09.078 INFO  (main) [   ] o.a.s.c.SolrXmlConfig Loading container configuration from C:\solr-8.11.2\solr-8.11.2\server\solr\solr.xml
2023-03-03 04:40:09.129 INFO  (main) [   ] o.a.s.c.SolrXmlConfig MBean server found: com.sun.jmx.mbeanserver.JmxMBeanServer@2f62ea70, but no JMX reporters were configured - adding default JMX reporter.
2023-03-03 04:40:09.494 INFO  (main) [   ] o.a.s.h.c.HttpShardHandlerFactory Host whitelist initialized: WhitelistHostChecker [whitelistHosts=null, whitelistHostCheckingEnabled=true]
2023-03-03 04:40:09.642 WARN  (main) [   ] o.e.j.u.s.S.config Trusting all certificates configured for Client@250a500b[provider=null,keyStore=null,trustStore=null]
2023-03-03 04:40:09.642 WARN  (main) [   ] o.e.j.u.s.S.config No Client EndPointIdentificationAlgorithm configured for Client@250a500b[provider=null,keyStore=null,trustStore=null]
2023-03-03 04:40:09.768 WARN  (main) [   ] o.e.j.u.s.S.config Trusting all certificates configured for Client@557a84fe[provider=null,keyStore=null,trustStore=null]
2023-03-03 04:40:09.768 WARN  (main) [   ] o.e.j.u.s.S.config No Client EndPointIdentificationAlgorithm configured for Client@557a84fe[provider=null,keyStore=null,trustStore=null]
2023-03-03 04:40:09.814 WARN  (main) [   ] o.a.s.c.CoreContainer Not all security plugins configured!  authentication=disabled authorization=disabled.  Solr is only as secure as you make it. Consider configuring authentication/authorization before exposing Solr to users internal or external.  See https://s.apache.org/solrsecurity for more info
2023-03-03 04:40:09.939 INFO  (main) [   ] o.a.s.c.TransientSolrCoreCacheDefault Allocating transient core cache for max 2147483647 cores with initial capacity of 1024
2023-03-03 04:40:09.946 INFO  (main) [   ] o.a.s.h.a.MetricsHistoryHandler No .system collection, keeping metrics history in memory.
2023-03-03 04:40:09.997 INFO  (main) [   ] o.a.s.m.r.SolrJmxReporter JMX monitoring for 'solr.node' (registry 'solr.node') enabled at server: com.sun.jmx.mbeanserver.JmxMBeanServer@2f62ea70
2023-03-03 04:40:09.997 INFO  (main) [   ] o.a.s.m.r.SolrJmxReporter JMX monitoring for 'solr.jvm' (registry 'solr.jvm') enabled at server: com.sun.jmx.mbeanserver.JmxMBeanServer@2f62ea70
2023-03-03 04:40:09.998 INFO  (main) [   ] o.a.s.m.r.SolrJmxReporter JMX monitoring for 'solr.jetty' (registry 'solr.jetty') enabled at server: com.sun.jmx.mbeanserver.JmxMBeanServer@2f62ea70
2023-03-03 04:40:10.037 INFO  (main) [   ] o.a.s.c.CorePropertiesLocator Found 1 core definitions underneath C:\solr-8.11.2\solr-8.11.2\server\solr
2023-03-03 04:40:10.038 INFO  (main) [   ] o.a.s.c.CorePropertiesLocator Cores are: [solrBoard]
2023-03-03 04:40:10.092 INFO  (coreLoadExecutor-13-thread-1) [   x:solrBoard] o.a.s.c.SolrResourceLoader Added 2 libs to classloader, from paths: [/C:/solr-8.11.2/solr-8.11.2/server/solr-webapp/webapp/WEB-INF/lib]
2023-03-03 04:40:10.234 INFO  (coreLoadExecutor-13-thread-1) [   x:solrBoard] o.a.s.c.SolrConfig Using Lucene MatchVersion: 8.11.2
2023-03-03 04:40:10.257 WARN  (coreLoadExecutor-13-thread-1) [   x:solrBoard] o.a.s.c.SolrConfig solrconfig.xml: <jmx> is no longer supported, use solr.xml:/metrics/reporter section instead
2023-03-03 04:40:10.294 INFO  (coreLoadExecutor-13-thread-1) [   x:solrBoard] o.a.s.s.IndexSchema Schema name=default-config
2023-03-03 04:40:10.459 WARN  (coreLoadExecutor-13-thread-1) [   x:solrBoard] o.a.s.s.AbstractSpatialPrefixTreeFieldType FieldType SpatialRecursivePrefixTreeFieldType does not allow omitNorms to be specified in schema, hardcoded behavior is omitNorms=true
2023-03-03 04:40:10.459 WARN  (coreLoadExecutor-13-thread-1) [   x:solrBoard] o.a.s.s.AbstractSpatialPrefixTreeFieldType FieldType SpatialRecursivePrefixTreeFieldType does not allow omitTermFreqAndPositions to be specified in schema, hardcoded behavior is omitTermFreqAndPositions=true
2023-03-03 04:40:10.459 WARN  (coreLoadExecutor-13-thread-1) [   x:solrBoard] o.a.s.s.AbstractSpatialPrefixTreeFieldType FieldType SpatialRecursivePrefixTreeFieldType does not allow termOffsets to be specified in schema, hardcoded behavior is termOffsets=false
2023-03-03 04:40:10.459 WARN  (coreLoadExecutor-13-thread-1) [   x:solrBoard] o.a.s.s.AbstractSpatialPrefixTreeFieldType FieldType SpatialRecursivePrefixTreeFieldType does not allow termPositions to be specified in schema, hardcoded behavior is termPositions=false
2023-03-03 04:40:10.459 WARN  (coreLoadExecutor-13-thread-1) [   x:solrBoard] o.a.s.s.AbstractSpatialPrefixTreeFieldType FieldType SpatialRecursivePrefixTreeFieldType does not allow omitPositions to be specified in schema, hardcoded behavior is omitPositions=true
2023-03-03 04:40:10.703 INFO  (coreLoadExecutor-13-thread-1) [   x:solrBoard] o.a.s.s.IndexSchema Loaded schema default-config/1.6 with uniqueid field id
2023-03-03 04:40:10.760 INFO  (coreLoadExecutor-13-thread-1) [   x:solrBoard] o.a.s.c.CoreContainer Creating SolrCore 'solrBoard' using configuration from instancedir C:\solr-8.11.2\solr-8.11.2\server\solr\solrBoard, trusted=true
2023-03-03 04:40:10.786 INFO  (coreLoadExecutor-13-thread-1) [   x:solrBoard] o.a.s.m.r.SolrJmxReporter JMX monitoring for 'solr.core.solrBoard' (registry 'solr.core.solrBoard') enabled at server: com.sun.jmx.mbeanserver.JmxMBeanServer@2f62ea70
2023-03-03 04:40:10.803 INFO  (coreLoadExecutor-13-thread-1) [   x:solrBoard] o.a.s.c.SolrCore [[solrBoard] ] Opening new SolrCore at [C:\solr-8.11.2\solr-8.11.2\server\solr\solrBoard], dataDir=[C:\solr-8.11.2\solr-8.11.2\server\solr\solrBoard\data\]
2023-03-03 04:40:10.874 INFO  (main) [   ] o.e.j.s.h.ContextHandler Started o.e.j.w.WebAppContext@1c05a54d{/solr,file:///C:/solr-8.11.2/solr-8.11.2/server/solr-webapp/webapp/,AVAILABLE}{C:\solr-8.11.2\solr-8.11.2\server/solr-webapp/webapp}
2023-03-03 04:40:10.888 INFO  (main) [   ] o.e.j.s.AbstractConnector Started ServerConnector@138fe6ec{HTTP/1.1, (http/1.1, h2c)}{0.0.0.0:8983}
2023-03-03 04:40:10.888 INFO  (main) [   ] o.e.j.s.Server Started @4421ms
2023-03-03 04:40:11.364 WARN  (coreLoadExecutor-13-thread-1) [   x:solrBoard] o.a.s.h.d.DataImportHandler Data Import Handler is deprecated as of Solr 8.6. See SOLR-14066 for more details.
2023-03-03 04:40:11.374 INFO  (coreLoadExecutor-13-thread-1) [   x:solrBoard] o.a.s.u.UpdateHandler Using UpdateLog implementation: org.apache.solr.update.UpdateLog
2023-03-03 04:40:11.374 INFO  (coreLoadExecutor-13-thread-1) [   x:solrBoard] o.a.s.u.UpdateLog Initializing UpdateLog: dataDir= defaultSyncLevel=FLUSH numRecordsToKeep=100 maxNumLogsToKeep=10 numVersionBuckets=65536
2023-03-03 04:40:11.410 INFO  (coreLoadExecutor-13-thread-1) [   x:solrBoard] o.a.s.u.CommitTracker Hard AutoCommit: if uncommitted for 15000ms; 
2023-03-03 04:40:11.410 INFO  (coreLoadExecutor-13-thread-1) [   x:solrBoard] o.a.s.u.CommitTracker Soft AutoCommit: disabled
2023-03-03 04:40:11.694 INFO  (coreLoadExecutor-13-thread-1) [   x:solrBoard] o.a.s.r.ManagedResourceStorage File-based storage initialized to use dir: C:\solr-8.11.2\solr-8.11.2\server\solr\solrBoard\conf
2023-03-03 04:40:11.705 INFO  (coreLoadExecutor-13-thread-1) [   x:solrBoard] o.a.s.h.c.SpellCheckComponent Initializing spell checkers
2023-03-03 04:40:11.712 INFO  (coreLoadExecutor-13-thread-1) [   x:solrBoard] o.a.s.s.DirectSolrSpellChecker init: {name=default,field=_text_,classname=solr.DirectSolrSpellChecker,distanceMeasure=internal,accuracy=0.5,maxQueryFrequency=0.01,maxEdits=2,minPrefix=1,maxInspections=5,minQueryLength=4}
2023-03-03 04:40:11.725 INFO  (coreLoadExecutor-13-thread-1) [   x:solrBoard] o.a.s.h.ReplicationHandler Commits will be reserved for 10000 ms
2023-03-03 04:40:11.746 INFO  (searcherExecutor-15-thread-1-processing-x:solrBoard) [   x:solrBoard] o.a.s.c.QuerySenderListener QuerySenderListener done.
2023-03-03 04:40:11.746 INFO  (searcherExecutor-15-thread-1-processing-x:solrBoard) [   x:solrBoard] o.a.s.h.c.SpellCheckComponent Loading spell index for spellchecker: default
2023-03-03 04:40:11.752 INFO  (searcherExecutor-15-thread-1-processing-x:solrBoard) [   x:solrBoard] o.a.s.c.SolrCore [solrBoard]  Registered new searcher autowarm time: 0 ms
2023-03-03 04:40:12.762 INFO  (qtp1389509050-27) [   ] o.a.s.s.HttpSolrCall [admin] webapp=null path=/admin/info/system params={wt=json} status=0 QTime=35
2023-03-03 04:40:19.541 INFO  (qtp1389509050-25) [   ] o.a.s.s.HttpSolrCall [admin] webapp=null path=/admin/cores params={indexInfo=false&wt=json&_=1677818419510} status=0 QTime=0
2023-03-03 04:40:19.565 INFO  (qtp1389509050-42) [   ] o.a.s.s.HttpSolrCall [admin] webapp=null path=/admin/info/system params={wt=json&_=1677818419511} status=0 QTime=25
2023-03-03 04:40:19.593 INFO  (qtp1389509050-21) [   ] o.a.s.s.HttpSolrCall [admin] webapp=null path=/admin/info/system params={wt=json&_=1677818419511} status=0 QTime=20
2023-03-03 04:43:13.049 INFO  (qtp1389509050-22) [   x:solrBoard] o.a.s.c.S.Request [solrBoard]  webapp=/solr path=/select params={q=*:*&fl=&sort=id+asc&rows=0&wt=javabin&version=2} hits=10000 status=0 QTime=39
2023-03-03 04:43:13.152 INFO  (qtp1389509050-21) [   x:solrBoard] o.a.s.c.S.Request [solrBoard]  webapp=/solr path=/select params={q=*:*&fl=&start=0&sort=id+asc&rows=10&wt=javabin&version=2} hits=10000 status=0 QTime=1
2023-03-03 05:25:13.373 INFO  (qtp1389509050-47) [   ] o.a.s.s.HttpSolrCall [admin] webapp=null path=/admin/cores params={indexInfo=false&wt=json&_=1677818419510} status=0 QTime=1
2023-03-03 05:25:13.377 INFO  (qtp1389509050-21) [   x:solrBoard] o.a.s.c.S.Request [solrBoard]  webapp=/solr path=/admin/ping params={action=status&wt=json&_=1677818419511&ts=1677818419511} status=503 QTime=4
2023-03-03 05:25:13.400 INFO  (qtp1389509050-45) [   x:solrBoard] o.a.s.c.S.Request [solrBoard]  webapp=/solr path=/admin/luke params={numTerms=0&show=index&wt=json&_=1677821113357} status=0 QTime=29
2023-03-03 05:25:13.404 INFO  (qtp1389509050-19) [   x:solrBoard] o.a.s.c.S.Request [solrBoard]  webapp=/solr path=/replication params={wt=json&command=details&_=1677821113357} status=0 QTime=32
2023-03-03 05:25:13.462 INFO  (qtp1389509050-25) [   x:solrBoard] o.a.s.c.S.Request [solrBoard]  webapp=/solr path=/admin/system params={wt=json&_=1677821113357} status=0 QTime=91
2023-03-03 05:25:13.468 INFO  (qtp1389509050-26) [   ] o.a.s.s.HttpSolrCall [admin] webapp=null path=/admin/info/system params={wt=json&_=1677818419511} status=0 QTime=96
2023-03-03 05:25:14.685 INFO  (qtp1389509050-26) [   ] o.a.s.s.HttpSolrCall [admin] webapp=null path=/admin/cores params={indexInfo=false&wt=json&_=1677818419510} status=0 QTime=0
2023-03-03 05:25:14.694 INFO  (qtp1389509050-49) [   x:solrBoard] o.a.s.c.S.Request [solrBoard]  webapp=/solr path=/admin/luke params={show=schema&wt=json&_=1677821113357} status=0 QTime=8
2023-03-03 05:25:14.729 INFO  (qtp1389509050-27) [   ] o.a.s.s.HttpSolrCall [admin] webapp=null path=/admin/info/system params={wt=json&_=1677818419511} status=0 QTime=44
2023-03-03 05:25:22.529 INFO  (qtp1389509050-19) [   ] o.a.s.s.HttpSolrCall [admin] webapp=null path=/admin/cores params={indexInfo=false&wt=json&_=1677818419510} status=0 QTime=0
2023-03-03 05:25:22.533 INFO  (qtp1389509050-25) [   x:solrBoard] o.a.s.c.S.Request [solrBoard]  webapp=/solr path=/admin/luke params={show=schema&wt=json&_=1677821113357} status=0 QTime=3
2023-03-03 05:25:22.534 INFO  (qtp1389509050-23) [   x:solrBoard] o.a.s.c.PluginBag Going to create a new requestHandler with {type = requestHandler,name = /analysis/field,class = solr.FieldAnalysisRequestHandler,attributes = {class=solr.FieldAnalysisRequestHandler, startup=lazy, useParams=_ANALYSIS_FIELD, name=/analysis/field},args = {startup=lazy,useParams=_ANALYSIS_FIELD}} 
2023-03-03 05:25:22.578 INFO  (qtp1389509050-44) [   ] o.a.s.s.HttpSolrCall [admin] webapp=null path=/admin/info/system params={wt=json&_=1677818419511} status=0 QTime=48
2023-03-03 05:25:22.764 INFO  (qtp1389509050-23) [   x:solrBoard] o.a.s.c.S.Request [solrBoard]  webapp=/solr path=/analysis/field params={analysis.fieldvalue=아버지가방에들어가신다&analysis.fieldname=KR_Agent&analysis.showmatch=true&verbose_output=1&wt=json&_=1677821114680} status=0 QTime=230
2023-03-03 05:25:29.656 INFO  (qtp1389509050-26) [   ] o.a.s.s.HttpSolrCall [admin] webapp=null path=/admin/cores params={indexInfo=false&wt=json&_=1677818419510} status=0 QTime=0
2023-03-03 05:25:29.658 INFO  (qtp1389509050-27) [   x:solrBoard] o.a.s.c.S.Request [solrBoard]  webapp=/solr path=/analysis/field params={analysis.fieldname=KR_Agent&analysis.showmatch=true&verbose_output=1&analysis.query=아버지가방에들어가신다&wt=json&_=1677821114680} status=0 QTime=2
2023-03-03 05:25:29.659 INFO  (qtp1389509050-19) [   x:solrBoard] o.a.s.c.S.Request [solrBoard]  webapp=/solr path=/admin/luke params={show=schema&wt=json&_=1677821113357} status=0 QTime=2
2023-03-03 05:25:29.704 INFO  (qtp1389509050-49) [   ] o.a.s.s.HttpSolrCall [admin] webapp=null path=/admin/info/system params={wt=json&_=1677818419511} status=0 QTime=47
2023-03-03 05:25:33.158 INFO  (qtp1389509050-21) [   ] o.a.s.s.HttpSolrCall [admin] webapp=null path=/admin/cores params={indexInfo=false&wt=json&_=1677818419510} status=0 QTime=0
2023-03-03 05:25:33.160 INFO  (qtp1389509050-46) [   x:solrBoard] o.a.s.c.S.Request [solrBoard]  webapp=/solr path=/admin/luke params={show=schema&wt=json&_=1677821113357} status=0 QTime=2
2023-03-03 05:25:33.161 INFO  (qtp1389509050-25) [   x:solrBoard] o.a.s.c.S.Request [solrBoard]  webapp=/solr path=/analysis/field params={analysis.fieldvalue=아버지가방에들어가신다&analysis.fieldname=KR_Agent&analysis.showmatch=true&verbose_output=1&analysis.query=아버지가방에들어가신다&wt=json&_=1677821114680} status=0 QTime=3
2023-03-03 05:25:33.207 INFO  (qtp1389509050-44) [   ] o.a.s.s.HttpSolrCall [admin] webapp=null path=/admin/info/system params={wt=json&_=1677818419511} status=0 QTime=49
2023-03-03 05:25:36.832 INFO  (qtp1389509050-27) [   ] o.a.s.s.HttpSolrCall [admin] webapp=null path=/admin/cores params={indexInfo=false&wt=json&_=1677818419510} status=0 QTime=0
2023-03-03 05:25:36.834 INFO  (qtp1389509050-49) [   x:solrBoard] o.a.s.c.S.Request [solrBoard]  webapp=/solr path=/analysis/field params={analysis.fieldname=KR_Agent&analysis.showmatch=true&verbose_output=1&analysis.query=아버지가방에들어가신다&wt=json&_=1677821114680} status=0 QTime=2
2023-03-03 05:25:36.834 INFO  (qtp1389509050-19) [   x:solrBoard] o.a.s.c.S.Request [solrBoard]  webapp=/solr path=/admin/luke params={show=schema&wt=json&_=1677821113357} status=0 QTime=2
2023-03-03 05:25:36.875 INFO  (qtp1389509050-26) [   ] o.a.s.s.HttpSolrCall [admin] webapp=null path=/admin/info/system params={wt=json&_=1677818419511} status=0 QTime=43
2023-03-03 05:48:53.079 INFO  (qtp1389509050-50) [   x:solrBoard] o.a.s.c.S.Request [solrBoard]  webapp=/solr path=/select params={q=id:000844f7-463c-4014-ad4b-d042b3e8aaea&rows=1&wt=javabin&version=2} hits=1 status=0 QTime=31
2023-03-03 05:48:57.909 INFO  (qtp1389509050-44) [   x:solrBoard] o.a.s.c.S.Request [solrBoard]  webapp=/solr path=/select params={q=id:00173945-f394-4693-9182-d4567e1d680c&rows=1&wt=javabin&version=2} hits=1 status=0 QTime=1
2023-03-03 07:19:57.924 INFO  (qtp1389509050-47) [   x:solrBoard] o.a.s.c.S.Request [solrBoard]  webapp=/solr path=/select params={q=id:00299b00-616e-4be7-99a6-8705a9d688ac&rows=1&wt=javabin&version=2} hits=1 status=0 QTime=11
